1650567012945:fab
1650574315750:fag
1650574632548:faa
1650574810279:fag
1650574819531:faa
1650574822425:fag
1650574912975:faa
1650574915597:fag
1650574932531:fac
1650574967333:fag
1650575098063:faa
1650575099863:fag
1650575220531:faa
1650575225502:fac
1650575230104:fag
1650575262066:stacktrace fag
1650575343397:fag
1650575345483:faa
1650575347689:fab
1650575393996:fac 10
1650575401753:facb 10
1650575893865:fab
1651418222698:fag
1651418226146:faa
1651418279805:facb 10
1651419149543:fci 626ea7ef3080b34300da66f3
1651419182745:ac 10 бесподобно
1651419190118:facb 10
1651419221340:uc 626ea82e3080b34300da66fa Бесподобно 10
1651419264648:update-comment 626ea82e3080b34300da66fa Бесподобно 10
1651419286939:626ea82e3080b34300da66fa Бесподобно! 10
1651419301774:uc 626ea82e3080b34300da66fa Бесподобно 10
1651419354244:uc 626ea82e3080b34300da66fa Бесподобно '10'
1651419396095:uc 626ea82e3080b34300da66fa Бесподобно 10
1651419404074:--help
1651419406157:help
1651419438544:uс 626ea82e3080b34300da66fa
1651419452046:uс 626ea82e3080b34300da66fa fdjkgbdfkjgb 10
1651419461360:facb 10
1651419480366:dc 626ea82e3080b34300da66fa
1651419493684:help
1651419504265:facb 10
1651419509559:dс 626ea82e3080b34300da66fa
1651419516486:dc 626ea82e3080b34300da66fa
1651419535942:fag
1651419559116:fgi 10
1651419574612:fgn Мистика
1651419587305:ag Тест
1651419590798:fag
1651419618910:ug 626ea9c33080b34300da66fb Наука
1651419621758:fag
1651419629620:dc 626ea9c33080b34300da66fb
1651419644110:dg 626ea9c33080b34300da66fb\\
1651419648489:fag
1651419655301:faa
1651419666580:fai 10
1651419678804:fan 'Джон Толкин'
1651419712841:aa 'Уильям Шекспир'
1651419718783:faa
1651419745934:ua 626eaa403080b34300da66fc 'Рэй Брежберри'
1651419750237:faa
1651419754918:da 626eaa403080b34300da66fc
1651419757378:faa
1651419760948:fab
1651419781499:fbi 40
1651419796123:fbn 'Пуаро'
1651419817666:fbg Мистика
1651420438274:fba 'Говард Лавкрафт'
1651420473703:fab
1651420517661:ab 'Гарри Поттер' 'Говард Лавкрафт' 'Фентези'
1651420533154:ab 'Гарри Поттер' 'Говард Лавкрафт' 'Фэнтези'
1651420538040:fab
1651420548903:db 626ead75b62a423c5c5fd271
1651420551690:fab
1651611561109:fac
1651611571282:facb 10
1651649255551:ua 10 'Test'
1651649271805:da 10
1651649378585:ua 10 'Test'
1651650016124:ua 10 Test
1651650088217:au 10 Test
1651650095415:ua 10 Test
1651650427164:ua 10 test
1651650509878:ua 10 Test
1651650872951:da 10
1651651893537:db 10
